{"/Users/jatinsuri/Dev/app/currency-app/src/AppRoot.jsx": {"path":"/Users/jatinsuri/Dev/app/currency-app/src/AppRoot.jsx","statementMap":{"0":{"start":{"line":1,"column":0},"end":{"line":null,"column":-1}},"1":{"start":{"line":2,"column":0},"end":{"line":null,"column":-1}},"2":{"start":{"line":3,"column":0},"end":{"line":null,"column":-1}},"3":{"start":{"line":4,"column":0},"end":{"line":null,"column":-1}},"4":{"start":{"line":6,"column":16},"end":{"line":6,"column":0}},"5":{"start":{"line":7,"column":2},"end":{"line":null,"column":-1}},"6":{"start":{"line":10,"column":26},"end":{"line":null,"column":-1}}},"fnMap":{"0":{"name":"AppRoot","decl":{"start":{"line":6,"column":6},"end":{"line":6,"column":16}},"loc":{"start":{"line":6,"column":22},"end":{"line":6,"column":0}}},"1":{"name":"(anonymous_4)","decl":{"start":{"line":10,"column":21},"end":{"line":10,"column":20}},"loc":{"start":{"line":10,"column":26},"end":{"line":10,"column":9}}}},"branchMap":{},"s":{"0":0,"1":0,"2":0,"3":0,"4":0,"5":0,"6":0},"f":{"0":0,"1":0},"b":{}}
,"/Users/jatinsuri/Dev/app/currency-app/src/actions/home.js": {"path":"/Users/jatinsuri/Dev/app/currency-app/src/actions/home.js","statementMap":{"0":{"start":{"line":4,"column":38},"end":{"line":4,"column":88}},"1":{"start":{"line":5,"column":39},"end":{"line":5,"column":90}},"2":{"start":{"line":6,"column":38},"end":{"line":6,"column":88}}},"fnMap":{},"branchMap":{},"s":{"0":1,"1":1,"2":1},"f":{},"b":{},"_coverageSchema":"332fd63041d2c1bcb487cc26dd0d5f7d97098a6c","hash":"736aef7f9351327bcb4d237ad53dfb5d6dcc4e92"}
,"/Users/jatinsuri/Dev/app/currency-app/src/components/HomePage/index.jsx": {"path":"/Users/jatinsuri/Dev/app/currency-app/src/components/HomePage/index.jsx","statementMap":{"0":{"start":{"line":6,"column":17},"end":{"line":102,"column":1}},"1":{"start":{"line":8,"column":32},"end":{"line":8,"column":43}},"2":{"start":{"line":9,"column":36},"end":{"line":9,"column":51}},"3":{"start":{"line":10,"column":32},"end":{"line":10,"column":47}},"4":{"start":{"line":12,"column":4},"end":{"line":14,"column":27}},"5":{"start":{"line":13,"column":8},"end":{"line":13,"column":26}},"6":{"start":{"line":15,"column":32},"end":{"line":15,"column":44}},"7":{"start":{"line":17,"column":33},"end":{"line":19,"column":5}},"8":{"start":{"line":18,"column":8},"end":{"line":18,"column":27}},"9":{"start":{"line":21,"column":31},"end":{"line":23,"column":5}},"10":{"start":{"line":22,"column":8},"end":{"line":22,"column":25}},"11":{"start":{"line":25,"column":31},"end":{"line":28,"column":5}},"12":{"start":{"line":26,"column":8},"end":{"line":26,"column":25}},"13":{"start":{"line":27,"column":8},"end":{"line":27,"column":35}},"14":{"start":{"line":30,"column":28},"end":{"line":35,"column":5}},"15":{"start":{"line":31,"column":8},"end":{"line":31,"column":74}},"16":{"start":{"line":32,"column":8},"end":{"line":34,"column":9}},"17":{"start":{"line":33,"column":12},"end":{"line":33,"column":70}},"18":{"start":{"line":37,"column":28},"end":{"line":48,"column":5}},"19":{"start":{"line":38,"column":8},"end":{"line":47,"column":21}},"20":{"start":{"line":40,"column":16},"end":{"line":45,"column":28}},"21":{"start":{"line":50,"column":41},"end":{"line":50,"column":58}},"22":{"start":{"line":51,"column":4},"end":{"line":101,"column":14}}},"fnMap":{"0":{"name":"(anonymous_0)","decl":{"start":{"line":6,"column":17},"end":{"line":6,"column":18}},"loc":{"start":{"line":6,"column":26},"end":{"line":102,"column":1}},"line":6},"1":{"name":"(anonymous_1)","decl":{"start":{"line":12,"column":14},"end":{"line":12,"column":15}},"loc":{"start":{"line":12,"column":20},"end":{"line":14,"column":5}},"line":12},"2":{"name":"(anonymous_2)","decl":{"start":{"line":17,"column":33},"end":{"line":17,"column":34}},"loc":{"start":{"line":17,"column":51},"end":{"line":19,"column":5}},"line":17},"3":{"name":"(anonymous_3)","decl":{"start":{"line":21,"column":31},"end":{"line":21,"column":32}},"loc":{"start":{"line":21,"column":49},"end":{"line":23,"column":5}},"line":21},"4":{"name":"(anonymous_4)","decl":{"start":{"line":25,"column":31},"end":{"line":25,"column":32}},"loc":{"start":{"line":25,"column":49},"end":{"line":28,"column":5}},"line":25},"5":{"name":"(anonymous_5)","decl":{"start":{"line":30,"column":28},"end":{"line":30,"column":29}},"loc":{"start":{"line":30,"column":34},"end":{"line":35,"column":5}},"line":30},"6":{"name":"(anonymous_6)","decl":{"start":{"line":37,"column":28},"end":{"line":37,"column":29}},"loc":{"start":{"line":38,"column":8},"end":{"line":47,"column":21}},"line":38},"7":{"name":"(anonymous_7)","decl":{"start":{"line":39,"column":26},"end":{"line":39,"column":27}},"loc":{"start":{"line":40,"column":16},"end":{"line":45,"column":28}},"line":40}},"branchMap":{"0":{"loc":{"start":{"line":32,"column":8},"end":{"line":34,"column":9}},"type":"if","locations":[{"start":{"line":32,"column":8},"end":{"line":34,"column":9}},{"start":{"line":32,"column":8},"end":{"line":34,"column":9}}],"line":32},"1":{"loc":{"start":{"line":58,"column":17},"end":{"line":58,"column":61}},"type":"binary-expr","locations":[{"start":{"line":58,"column":17},"end":{"line":58,"column":22}},{"start":{"line":58,"column":26},"end":{"line":58,"column":61}}],"line":58},"2":{"loc":{"start":{"line":80,"column":13},"end":{"line":98,"column":22}},"type":"binary-expr","locations":[{"start":{"line":80,"column":13},"end":{"line":80,"column":32}},{"start":{"line":81,"column":16},"end":{"line":98,"column":22}}],"line":80}},"s":{"0":2,"1":9,"2":9,"3":9,"4":9,"5":8,"6":9,"7":9,"8":1,"9":9,"10":1,"11":9,"12":0,"13":0,"14":9,"15":8,"16":8,"17":1,"18":9,"19":2,"20":2,"21":9,"22":9},"f":{"0":9,"1":8,"2":1,"3":1,"4":0,"5":8,"6":2,"7":2},"b":{"0":[1,7],"1":[9,1],"2":[9,2]},"_coverageSchema":"332fd63041d2c1bcb487cc26dd0d5f7d97098a6c","hash":"6f98d3cd4d1fab9e3971a34ba540bbfd421f1788"}
,"/Users/jatinsuri/Dev/app/currency-app/src/components/Page/index.jsx": {"path":"/Users/jatinsuri/Dev/app/currency-app/src/components/Page/index.jsx","statementMap":{"0":{"start":{"line":5,"column":13},"end":{"line":17,"column":1}},"1":{"start":{"line":6,"column":23},"end":{"line":6,"column":28}},"2":{"start":{"line":8,"column":2},"end":{"line":16,"column":3}},"3":{"start":{"line":19,"column":0},"end":{"line":21,"column":1}},"4":{"start":{"line":23,"column":0},"end":{"line":25,"column":1}}},"fnMap":{"0":{"name":"(anonymous_0)","decl":{"start":{"line":5,"column":13},"end":{"line":5,"column":14}},"loc":{"start":{"line":5,"column":22},"end":{"line":17,"column":1}},"line":5}},"branchMap":{},"s":{"0":2,"1":10,"2":10,"3":2,"4":2},"f":{"0":10},"b":{},"_coverageSchema":"332fd63041d2c1bcb487cc26dd0d5f7d97098a6c","hash":"f68c084434f79f5b1bbc44c320b0ef0df6fabbc1"}
,"/Users/jatinsuri/Dev/app/currency-app/src/constants/actions.js": {"path":"/Users/jatinsuri/Dev/app/currency-app/src/constants/actions.js","statementMap":{"0":{"start":{"line":1,"column":40},"end":{"line":1,"column":66}},"1":{"start":{"line":2,"column":41},"end":{"line":2,"column":68}},"2":{"start":{"line":3,"column":40},"end":{"line":3,"column":66}}},"fnMap":{},"branchMap":{},"s":{"0":1,"1":1,"2":1},"f":{},"b":{},"_coverageSchema":"332fd63041d2c1bcb487cc26dd0d5f7d97098a6c","hash":"3b092a915d63756cd7f9a9de56e2313c81182060"}
,"/Users/jatinsuri/Dev/app/currency-app/src/constants/common.js": {"path":"/Users/jatinsuri/Dev/app/currency-app/src/constants/common.js","statementMap":{"0":{"start":{"line":1,"column":32},"end":{"line":6,"column":1}}},"fnMap":{},"branchMap":{},"s":{"0":2},"f":{},"b":{},"_coverageSchema":"332fd63041d2c1bcb487cc26dd0d5f7d97098a6c","hash":"4948396a9216d99056e3cf57687451577fa02562"}
,"/Users/jatinsuri/Dev/app/currency-app/src/constants/endpoints.js": {"path":"/Users/jatinsuri/Dev/app/currency-app/src/constants/endpoints.js","statementMap":{"0":{"start":{"line":1,"column":22},"end":{"line":1,"column":0}},"1":{"start":{"line":3,"column":29},"end":{"line":3,"column":7}}},"fnMap":{},"branchMap":{},"s":{"0":0,"1":0},"f":{},"b":{}}
,"/Users/jatinsuri/Dev/app/currency-app/src/reducers/home.js": {"path":"/Users/jatinsuri/Dev/app/currency-app/src/reducers/home.js","statementMap":{"0":{"start":{"line":5,"column":2},"end":{"line":26,"column":3}},"1":{"start":{"line":7,"column":6},"end":{"line":10,"column":8}},"2":{"start":{"line":12,"column":6},"end":{"line":12,"column":59}},"3":{"start":{"line":13,"column":6},"end":{"line":17,"column":8}},"4":{"start":{"line":19,"column":6},"end":{"line":23,"column":8}},"5":{"start":{"line":25,"column":6},"end":{"line":25,"column":19}}},"fnMap":{"0":{"name":"(anonymous_0)","decl":{"start":{"line":4,"column":15},"end":{"line":4,"column":16}},"loc":{"start":{"line":4,"column":44},"end":{"line":27,"column":1}},"line":4}},"branchMap":{"0":{"loc":{"start":{"line":4,"column":16},"end":{"line":4,"column":26}},"type":"default-arg","locations":[{"start":{"line":4,"column":24},"end":{"line":4,"column":26}}],"line":4},"1":{"loc":{"start":{"line":4,"column":28},"end":{"line":4,"column":39}},"type":"default-arg","locations":[{"start":{"line":4,"column":37},"end":{"line":4,"column":39}}],"line":4},"2":{"loc":{"start":{"line":5,"column":2},"end":{"line":26,"column":3}},"type":"switch","locations":[{"start":{"line":6,"column":4},"end":{"line":10,"column":8}},{"start":{"line":11,"column":4},"end":{"line":17,"column":8}},{"start":{"line":18,"column":4},"end":{"line":23,"column":8}},{"start":{"line":24,"column":4},"end":{"line":25,"column":19}}],"line":5}},"s":{"0":3,"1":1,"2":1,"3":1,"4":1,"5":0},"f":{"0":3},"b":{"0":[0],"1":[0],"2":[1,1,1,0]},"_coverageSchema":"332fd63041d2c1bcb487cc26dd0d5f7d97098a6c","hash":"149b43b4b731261a9c44ad0bc87de18a9a1f299a"}
,"/Users/jatinsuri/Dev/app/currency-app/src/sagas/api.js": {"path":"/Users/jatinsuri/Dev/app/currency-app/src/sagas/api.js","statementMap":{"0":{"start":{"line":1,"column":0},"end":{"line":null,"column":-1}},"1":{"start":{"line":2,"column":0},"end":{"line":null,"column":-1}},"2":{"start":{"line":4,"column":16},"end":{"line":4,"column":0}},"3":{"start":{"line":6,"column":22},"end":{"line":6,"column":7}},"4":{"start":{"line":12,"column":6},"end":{"line":12,"column":5}},"5":{"start":{"line":13,"column":15},"end":{"line":13,"column":2}},"6":{"start":{"line":14,"column":25},"end":{"line":14,"column":2}},"7":{"start":{"line":19,"column":19},"end":{"line":19,"column":2}},"8":{"start":{"line":27,"column":2},"end":{"line":null,"column":-1}},"9":{"start":{"line":30,"column":34},"end":{"line":30,"column":7}},"10":{"start":{"line":30,"column":41},"end":{"line":null,"column":-1}},"11":{"start":{"line":32,"column":30},"end":{"line":32,"column":7}},"12":{"start":{"line":32,"column":37},"end":{"line":null,"column":-1}}},"fnMap":{"0":{"name":"config","decl":{"start":{"line":6,"column":13},"end":{"line":6,"column":22}},"loc":{"start":{"line":12,"column":6},"end":{"line":6,"column":7}}},"1":{"name":"triggerAjaxRequest","decl":{"start":{"line":30,"column":13},"end":{"line":30,"column":34}},"loc":{"start":{"line":30,"column":41},"end":{"line":30,"column":7}}},"2":{"name":"CurrencyConfig","decl":{"start":{"line":32,"column":13},"end":{"line":32,"column":30}},"loc":{"start":{"line":32,"column":37},"end":{"line":32,"column":7}}}},"branchMap":{"0":{"loc":{"start":{"line":13,"column":34},"end":{"line":13,"column":15}},"type":"cond-expr","locations":[{"start":{"line":13,"column":34},"end":{"line":13,"column":15}},{"start":{"line":13,"column":45},"end":{"line":13,"column":2}}]},"1":{"loc":{"start":{"line":23,"column":12},"end":{"line":23,"column":18}},"type":"binary-expr","locations":[{"start":{"line":23,"column":12},"end":{"line":23,"column":18}},{"start":{"line":23,"column":22},"end":{"line":19,"column":19}}]}},"s":{"0":0,"1":0,"2":0,"3":0,"4":0,"5":0,"6":0,"7":0,"8":0,"9":0,"10":0,"11":0,"12":0},"f":{"0":0,"1":0,"2":0},"b":{"0":[0,0],"1":[0,0]}}
,"/Users/jatinsuri/Dev/app/currency-app/src/sagas/home.js": {"path":"/Users/jatinsuri/Dev/app/currency-app/src/sagas/home.js","statementMap":{"0":{"start":{"line":1,"column":0},"end":{"line":null,"column":-1}},"1":{"start":{"line":2,"column":0},"end":{"line":null,"column":-1}},"2":{"start":{"line":3,"column":0},"end":{"line":null,"column":-1}},"3":{"start":{"line":5,"column":7},"end":{"line":null,"column":-1}},"4":{"start":{"line":6,"column":10},"end":{"line":5,"column":7}},"5":{"start":{"line":7,"column":8},"end":{"line":5,"column":7}},"6":{"start":{"line":9,"column":21},"end":{"line":null,"column":-1}},"7":{"start":{"line":9,"column":10},"end":{"line":5,"column":7}},"8":{"start":{"line":10,"column":4},"end":{"line":null,"column":-1}},"9":{"start":{"line":12,"column":4},"end":{"line":null,"column":-1}},"10":{"start":{"line":16,"column":7},"end":{"line":null,"column":-1}},"11":{"start":{"line":17,"column":2},"end":{"line":null,"column":-1}}},"fnMap":{"0":{"name":"convertCurrency","decl":{"start":{"line":5,"column":17},"end":{"line":5,"column":7}},"loc":{"start":{"line":5,"column":7},"end":{"line":null,"column":-1}}},"1":{"name":"convertCurrency$","decl":{"start":{"line":5,"column":7},"end":{"line":null,"column":-1}},"loc":{"start":{"line":5,"column":7},"end":{"line":null,"column":-1}}},"2":{"name":"homeSaga","decl":{"start":{"line":16,"column":17},"end":{"line":16,"column":7}},"loc":{"start":{"line":16,"column":7},"end":{"line":null,"column":-1}}},"3":{"name":"homeSaga$","decl":{"start":{"line":16,"column":7},"end":{"line":null,"column":-1}},"loc":{"start":{"line":16,"column":7},"end":{"line":null,"column":-1}}}},"branchMap":{"0":{"loc":{"start":{"line":5,"column":7},"end":{"line":9,"column":21}},"type":"switch","locations":[{"start":{"line":5,"column":7},"end":{"line":9,"column":21}},{"start":{"line":5,"column":7},"end":{"line":10,"column":4}},{"start":{"line":5,"column":7},"end":{"line":null,"column":-1}},{"start":{"line":5,"column":7},"end":{"line":12,"column":4}},{"start":{"line":5,"column":7},"end":{"line":null,"column":-1}},{"start":{"line":5,"column":7},"end":{"line":null,"column":-1}}]},"1":{"loc":{"start":{"line":16,"column":7},"end":{"line":17,"column":2}},"type":"switch","locations":[{"start":{"line":16,"column":7},"end":{"line":17,"column":2}},{"start":{"line":16,"column":7},"end":{"line":null,"column":-1}},{"start":{"line":16,"column":7},"end":{"line":null,"column":-1}}]}},"s":{"0":0,"1":0,"2":0,"3":0,"4":0,"5":0,"6":0,"7":0,"8":0,"9":0,"10":0,"11":0},"f":{"0":0,"1":0,"2":0,"3":0},"b":{"0":[0,0,0,0,0,0],"1":[0,0,0]}}
,"/Users/jatinsuri/Dev/app/currency-app/src/services/home.js": {"path":"/Users/jatinsuri/Dev/app/currency-app/src/services/home.js","statementMap":{"0":{"start":{"line":1,"column":0},"end":{"line":null,"column":-1}},"1":{"start":{"line":7,"column":31},"end":{"line":7,"column":7}},"2":{"start":{"line":7,"column":38},"end":{"line":null,"column":-1}},"3":{"start":{"line":7,"column":50},"end":{"line":null,"column":-1}}},"fnMap":{"0":{"name":"convertCurrency","decl":{"start":{"line":7,"column":13},"end":{"line":7,"column":31}},"loc":{"start":{"line":7,"column":38},"end":{"line":7,"column":7}}},"1":{"name":"(anonymous_1)","decl":{"start":{"line":7,"column":42},"end":{"line":7,"column":41}},"loc":{"start":{"line":7,"column":50},"end":{"line":7,"column":38}}}},"branchMap":{},"s":{"0":0,"1":0,"2":0,"3":0},"f":{"0":0,"1":0},"b":{}}
,"/Users/jatinsuri/Dev/app/currency-app/src/utils/common.js": {"path":"/Users/jatinsuri/Dev/app/currency-app/src/utils/common.js","statementMap":{"0":{"start":{"line":1,"column":31},"end":{"line":4,"column":1}},"1":{"start":{"line":2,"column":28},"end":{"line":2,"column":35}},"2":{"start":{"line":3,"column":2},"end":{"line":3,"column":75}}},"fnMap":{"0":{"name":"(anonymous_0)","decl":{"start":{"line":1,"column":31},"end":{"line":1,"column":32}},"loc":{"start":{"line":1,"column":42},"end":{"line":4,"column":1}},"line":1}},"branchMap":{},"s":{"0":2,"1":2,"2":2},"f":{"0":2},"b":{},"_coverageSchema":"332fd63041d2c1bcb487cc26dd0d5f7d97098a6c","hash":"9ffe0cd743b20ca4e9ecb680b69d43f262d08cf7"}
}
