TN:
SF:/Users/jatinsuri/Dev/app/currency-app/src/AppRoot.jsx
FN:6,AppRoot
FN:10,(anonymous_4)
FNF:2
FNH:0
FNDA:0,AppRoot
FNDA:0,(anonymous_4)
DA:1,0
DA:2,0
DA:3,0
DA:4,0
DA:6,0
DA:7,0
DA:10,0
LF:7
LH:0
BRF:0
BRH:0
end_of_record
TN:
SF:/Users/jatinsuri/Dev/app/currency-app/src/actions/home.js
FNF:0
FNH:0
DA:4,1
DA:5,1
DA:6,1
LF:3
LH:3
BRF:0
BRH:0
end_of_record
TN:
SF:/Users/jatinsuri/Dev/app/currency-app/src/components/HomePage/index.jsx
FN:6,(anonymous_0)
FN:12,(anonymous_1)
FN:17,(anonymous_2)
FN:21,(anonymous_3)
FN:25,(anonymous_4)
FN:30,(anonymous_5)
FN:37,(anonymous_6)
FN:39,(anonymous_7)
FNF:8
FNH:7
FNDA:9,(anonymous_0)
FNDA:8,(anonymous_1)
FNDA:1,(anonymous_2)
FNDA:1,(anonymous_3)
FNDA:0,(anonymous_4)
FNDA:8,(anonymous_5)
FNDA:2,(anonymous_6)
FNDA:2,(anonymous_7)
DA:6,2
DA:8,9
DA:9,9
DA:10,9
DA:12,9
DA:13,8
DA:15,9
DA:17,9
DA:18,1
DA:21,9
DA:22,1
DA:25,9
DA:26,0
DA:27,0
DA:30,9
DA:31,8
DA:32,8
DA:33,1
DA:37,9
DA:38,2
DA:40,2
DA:50,9
DA:51,9
LF:23
LH:21
BRDA:32,0,0,1
BRDA:32,0,1,7
BRDA:58,1,0,9
BRDA:58,1,1,1
BRDA:80,2,0,9
BRDA:80,2,1,2
BRF:6
BRH:6
end_of_record
TN:
SF:/Users/jatinsuri/Dev/app/currency-app/src/components/Page/index.jsx
FN:5,(anonymous_0)
FNF:1
FNH:1
FNDA:10,(anonymous_0)
DA:5,2
DA:6,10
DA:8,10
DA:19,2
DA:23,2
LF:5
LH:5
BRF:0
BRH:0
end_of_record
TN:
SF:/Users/jatinsuri/Dev/app/currency-app/src/constants/actions.js
FNF:0
FNH:0
DA:1,1
DA:2,1
DA:3,1
LF:3
LH:3
BRF:0
BRH:0
end_of_record
TN:
SF:/Users/jatinsuri/Dev/app/currency-app/src/constants/common.js
FNF:0
FNH:0
DA:1,2
LF:1
LH:1
BRF:0
BRH:0
end_of_record
TN:
SF:/Users/jatinsuri/Dev/app/currency-app/src/constants/endpoints.js
FNF:0
FNH:0
DA:1,0
DA:3,0
LF:2
LH:0
BRF:0
BRH:0
end_of_record
TN:
SF:/Users/jatinsuri/Dev/app/currency-app/src/reducers/home.js
FN:4,(anonymous_0)
FNF:1
FNH:1
FNDA:3,(anonymous_0)
DA:5,3
DA:7,1
DA:12,1
DA:13,1
DA:19,1
DA:25,0
LF:6
LH:5
BRDA:4,0,0,0
BRDA:4,1,0,0
BRDA:5,2,0,1
BRDA:5,2,1,1
BRDA:5,2,2,1
BRDA:5,2,3,0
BRF:6
BRH:3
end_of_record
TN:
SF:/Users/jatinsuri/Dev/app/currency-app/src/sagas/api.js
FN:6,config
FN:30,triggerAjaxRequest
FN:32,CurrencyConfig
FNF:3
FNH:0
FNDA:0,config
FNDA:0,triggerAjaxRequest
FNDA:0,CurrencyConfig
DA:1,0
DA:2,0
DA:4,0
DA:6,0
DA:12,0
DA:13,0
DA:14,0
DA:19,0
DA:27,0
DA:30,0
DA:32,0
LF:11
LH:0
BRDA:13,0,0,0
BRDA:13,0,1,0
BRDA:23,1,0,0
BRDA:23,1,1,0
BRF:4
BRH:0
end_of_record
TN:
SF:/Users/jatinsuri/Dev/app/currency-app/src/sagas/home.js
FN:5,convertCurrency
FN:5,convertCurrency$
FN:16,homeSaga
FN:16,homeSaga$
FNF:4
FNH:0
FNDA:0,convertCurrency
FNDA:0,convertCurrency$
FNDA:0,homeSaga
FNDA:0,homeSaga$
DA:1,0
DA:2,0
DA:3,0
DA:5,0
DA:6,0
DA:7,0
DA:9,0
DA:10,0
DA:12,0
DA:16,0
DA:17,0
LF:11
LH:0
BRDA:5,0,0,0
BRDA:5,0,1,0
BRDA:5,0,2,0
BRDA:5,0,3,0
BRDA:5,0,4,0
BRDA:5,0,5,0
BRDA:16,1,0,0
BRDA:16,1,1,0
BRDA:16,1,2,0
BRF:9
BRH:0
end_of_record
TN:
SF:/Users/jatinsuri/Dev/app/currency-app/src/services/home.js
FN:7,convertCurrency
FN:7,(anonymous_1)
FNF:2
FNH:0
FNDA:0,convertCurrency
FNDA:0,(anonymous_1)
DA:1,0
DA:7,0
LF:2
LH:0
BRF:0
BRH:0
end_of_record
TN:
SF:/Users/jatinsuri/Dev/app/currency-app/src/utils/common.js
FN:1,(anonymous_0)
FNF:1
FNH:1
FNDA:2,(anonymous_0)
DA:1,2
DA:2,2
DA:3,2
LF:3
LH:3
BRF:0
BRH:0
end_of_record
